<?xml version="1.0" encoding="UTF-8"?>
<!-- Generated by org.testng.reporters.JUnitXMLReporter -->
<testsuite ignored="4" hostname="DESKTOP-7AKMRUB" failures="0" tests="1" name="Functionality" time="37.576" errors="0" timestamp="2023-09-15T11:25:34 IST">
  <testcase classname="com.p360.testCases.BaseClass" name="@AfterClass Logout" time="0.006">
    <failure type="java.lang.AssertionError" message="The following asserts failed:
	After logout it lookin for [Performance360] text expected [true] but found [false]">
      <![CDATA[java.lang.AssertionError: The following asserts failed:
After logout it lookin for [Performance360] text expected [true] but found [false]
at com.p360.pageObject.PO_HomePage.Logout(PO_HomePage.java:244)
at com.p360.testCases.BaseClass.Logout(BaseClass.java:120)
at java.base/java.util.concurrent.ThreadPoolExecutor.runWorker(ThreadPoolExecutor.java:1136)
at java.base/java.util.concurrent.ThreadPoolExecutor$Worker.run(ThreadPoolExecutor.java:635)
at java.base/java.lang.Thread.run(Thread.java:833)
... Removed 13 stack frames]]>
    </failure>
  </testcase> <!-- @AfterClass Logout -->
  <testcase classname="com.p360.testCases.TC_Home" name="test_HomePageElement" time="0.584"/>
  <testcase classname="com.p360.testCases.BaseClass" name="@BeforeTest Setup" time="0.0">
    <ignored/>
  </testcase> <!-- @BeforeTest Setup -->
  <testcase classname="com.p360.testCases.BaseClass" name="@AfterTest Teardown" time="0.0">
    <ignored/>
  </testcase> <!-- @AfterTest Teardown -->
  <testcase classname="com.p360.testCases.BaseClass" name="@AfterTest Teardown" time="0.0">
    <ignored/>
  </testcase> <!-- @AfterTest Teardown -->
  <testcase classname="com.p360.testCases.BaseClass" name="@BeforeTest Setup" time="0.0">
    <ignored/>
  </testcase> <!-- @BeforeTest Setup -->
</testsuite> <!-- Functionality -->
