<?xml version="1.0" encoding="UTF-8"?>
<testng-results ignored="0" total="6" passed="5" failed="1" skipped="0">
  <reporter-output>
  </reporter-output>
  <suite started-at="2023-09-01T21:54:52 IST" name="Suite" finished-at="2023-09-01T21:57:25 IST" duration-ms="153632">
    <groups>
    </groups>
    <test started-at="2023-09-01T21:54:52 IST" name="P360_UI_USER_MODULE" finished-at="2023-09-01T21:57:25 IST" duration-ms="153632">
      <class name="com.p360.testCases.TC_Membership">
        <test-method is-config="true" signature="setup(java.lang.String)[pri:0, instance:com.p360.testCases.TC_Membership@30d4b288]" started-at="2023-09-01T21:54:52 IST" name="setup" finished-at="2023-09-01T21:55:32 IST" duration-ms="39961" status="PASS">
          <params>
            <param index="0">
              <value>
                <![CDATA[chrome]]>
              </value>
            </param>
          </params>
          <reporter-output>
          </reporter-output>
        </test-method> <!-- setup -->
        <test-method signature="test_Login()[pri:1, instance:com.p360.testCases.TC_Membership@30d4b288]" started-at="2023-09-01T21:55:32 IST" name="test_Login" finished-at="2023-09-01T21:55:44 IST" duration-ms="11937" status="PASS">
          <reporter-output>
          </reporter-output>
        </test-method> <!-- test_Login -->
        <test-method signature="test_ChangeMembership()[pri:2, instance:com.p360.testCases.TC_Membership@30d4b288]" started-at="2023-09-01T21:55:44 IST" name="test_ChangeMembership" finished-at="2023-09-01T21:56:09 IST" depends-on-methods="com.p360.testCases.TC_Membership.test_Login" duration-ms="25207" status="PASS">
          <reporter-output>
          </reporter-output>
        </test-method> <!-- test_ChangeMembership -->
        <test-method signature="test_CheckAgreedTerms()[pri:3, instance:com.p360.testCases.TC_Membership@30d4b288]" started-at="2023-09-01T21:56:09 IST" name="test_CheckAgreedTerms" finished-at="2023-09-01T21:56:19 IST" depends-on-methods="com.p360.testCases.TC_Membership.test_Login" duration-ms="10121" status="PASS">
          <reporter-output>
          </reporter-output>
        </test-method> <!-- test_CheckAgreedTerms -->
        <test-method signature="test_PauseMembership()[pri:4, instance:com.p360.testCases.TC_Membership@30d4b288]" started-at="2023-09-01T21:56:19 IST" name="test_PauseMembership" finished-at="2023-09-01T21:56:58 IST" depends-on-methods="com.p360.testCases.TC_Membership.test_Login" duration-ms="38345" status="PASS">
          <reporter-output>
          </reporter-output>
        </test-method> <!-- test_PauseMembership -->
        <test-method signature="test_ResumeMembership()[pri:5, instance:com.p360.testCases.TC_Membership@30d4b288]" started-at="2023-09-01T21:56:58 IST" name="test_ResumeMembership" finished-at="2023-09-01T21:57:15 IST" depends-on-methods="com.p360.testCases.TC_Membership.test_Login" duration-ms="17452" status="FAIL">
          <exception class="org.openqa.selenium.TimeoutException">
            <message>
              <![CDATA[Expected condition failed: waiting for element to be clickable: Proxy element for: DefaultElementLocator 'By.xpath: //span[normalize-space()='Resume Membership']' (tried for 10 second(s) with 500 milliseconds interval)]]>
            </message>
            <full-stacktrace>
              <![CDATA[org.openqa.selenium.TimeoutException: Expected condition failed: waiting for element to be clickable: Proxy element for: DefaultElementLocator 'By.xpath: //span[normalize-space()='Resume Membership']' (tried for 10 second(s) with 500 milliseconds interval)
at org.openqa.selenium.support.ui.WebDriverWait.timeoutException(WebDriverWait.java:84)
at org.openqa.selenium.support.ui.FluentWait.until(FluentWait.java:230)
at com.p360.pageObject.PO_MembershipPage.clickOnResumeMembership(PO_MembershipPage.java:227)
at com.p360.pageObject.PO_MembershipPage.resumeMembership(PO_MembershipPage.java:365)
at com.p360.testCases.TC_Membership.test_ResumeMembership(TC_Membership.java:69)
at java.base/jdk.internal.reflect.NativeMethodAccessorImpl.invoke0(Native Method)
at java.base/jdk.internal.reflect.NativeMethodAccessorImpl.invoke(NativeMethodAccessorImpl.java:77)
at java.base/jdk.internal.reflect.DelegatingMethodAccessorImpl.invoke(DelegatingMethodAccessorImpl.java:43)
at java.base/java.lang.reflect.Method.invoke(Method.java:568)
at org.testng.internal.invokers.MethodInvocationHelper.invokeMethod(MethodInvocationHelper.java:139)
at org.testng.internal.invokers.TestInvoker.invokeMethod(TestInvoker.java:664)
at org.testng.internal.invokers.TestInvoker.invokeTestMethod(TestInvoker.java:227)
at org.testng.internal.invokers.MethodRunner.runInSequence(MethodRunner.java:50)
at org.testng.internal.invokers.TestInvoker$MethodInvocationAgent.invoke(TestInvoker.java:957)
at org.testng.internal.invokers.TestInvoker.invokeTestMethods(TestInvoker.java:200)
at org.testng.internal.invokers.TestMethodWorker.invokeTestMethods(TestMethodWorker.java:148)
at org.testng.internal.invokers.TestMethodWorker.run(TestMethodWorker.java:128)
at java.base/java.util.ArrayList.forEach(ArrayList.java:1511)
at org.testng.TestRunner.privateRun(TestRunner.java:848)
at org.testng.TestRunner.run(TestRunner.java:621)
at org.testng.SuiteRunner.runTest(SuiteRunner.java:443)
at org.testng.SuiteRunner.runSequentially(SuiteRunner.java:437)
at org.testng.SuiteRunner.privateRun(SuiteRunner.java:397)
at org.testng.SuiteRunner.run(SuiteRunner.java:336)
at org.testng.SuiteRunnerWorker.runSuite(SuiteRunnerWorker.java:52)
at org.testng.SuiteRunnerWorker.run(SuiteRunnerWorker.java:95)
at org.testng.TestNG.runSuitesSequentially(TestNG.java:1280)
at org.testng.TestNG.runSuitesLocally(TestNG.java:1200)
at org.testng.TestNG.runSuites(TestNG.java:1114)
at org.testng.TestNG.run(TestNG.java:1082)
at org.testng.remote.AbstractRemoteTestNG.run(AbstractRemoteTestNG.java:115)
at org.testng.remote.RemoteTestNG.initAndRun(RemoteTestNG.java:251)
at org.testng.remote.RemoteTestNG.main(RemoteTestNG.java:77)
Caused by: org.openqa.selenium.NoSuchElementException: no such element: Unable to locate element: {"method":"xpath","selector":"//span[normalize-space()='Resume Membership']"}
  (Session info: chrome=116.0.5845.141)
For documentation on this error, please visit: https://www.selenium.dev/documentation/webdriver/troubleshooting/errors#no-such-element-exception
Build info: version: '4.11.0', revision: '040bc5406b'
System info: os.name: 'Windows 11', os.arch: 'amd64', os.version: '10.0', java.version: '17.0.7'
Driver info: org.openqa.selenium.chrome.ChromeDriver
Command: [a3c79266f9a7df181193e234901094bc, findElement {using=xpath, value=//span[normalize-space()='Resume Membership']}]
Capabilities {acceptInsecureCerts: false, browserName: chrome, browserVersion: 116.0.5845.141, chrome: {chromedriverVersion: 116.0.5845.96 (1a3918166880..., userDataDir: C:\Users\JKL-MA~1\AppData\L...}, fedcm:accounts: true, goog:chromeOptions: {debuggerAddress: localhost:63625}, networkConnectionEnabled: false, pageLoadStrategy: normal, platformName: windows, proxy: Proxy(), se:cdp: ws://localhost:63625/devtoo..., se:cdpVersion: 116.0.5845.141, setWindowRect: true, strictFileInteractability: false, timeouts: {implicit: 0, pageLoad: 300000, script: 30000}, unhandledPromptBehavior: dismiss and notify, webauthn:extension:credBlob: true, webauthn:extension:largeBlob: true, webauthn:extension:minPinLength: true, webauthn:extension:prf: true, webauthn:virtualAuthenticators: true}
Session ID: a3c79266f9a7df181193e234901094bc
at jdk.internal.reflect.GeneratedConstructorAccessor23.newInstance(Unknown Source)
at java.base/jdk.internal.reflect.DelegatingConstructorAccessorImpl.newInstance(DelegatingConstructorAccessorImpl.java:45)
at java.base/java.lang.reflect.Constructor.newInstanceWithCaller(Constructor.java:499)
at java.base/java.lang.reflect.Constructor.newInstance(Constructor.java:480)
at org.openqa.selenium.remote.codec.w3c.W3CHttpResponseCodec.createException(W3CHttpResponseCodec.java:200)
at org.openqa.selenium.remote.codec.w3c.W3CHttpResponseCodec.decode(W3CHttpResponseCodec.java:133)
at org.openqa.selenium.remote.codec.w3c.W3CHttpResponseCodec.decode(W3CHttpResponseCodec.java:52)
at org.openqa.selenium.remote.HttpCommandExecutor.execute(HttpCommandExecutor.java:191)
at org.openqa.selenium.remote.service.DriverCommandExecutor.invokeExecute(DriverCommandExecutor.java:196)
at org.openqa.selenium.remote.service.DriverCommandExecutor.execute(DriverCommandExecutor.java:171)
at org.openqa.selenium.remote.RemoteWebDriver.execute(RemoteWebDriver.java:518)
at org.openqa.selenium.remote.ElementLocation$ElementFinder$2.findElement(ElementLocation.java:165)
at org.openqa.selenium.remote.ElementLocation.findElement(ElementLocation.java:59)
at org.openqa.selenium.remote.RemoteWebDriver.findElement(RemoteWebDriver.java:355)
at org.openqa.selenium.remote.RemoteWebDriver.findElement(RemoteWebDriver.java:349)
at org.openqa.selenium.support.pagefactory.DefaultElementLocator.findElement(DefaultElementLocator.java:68)
at org.openqa.selenium.support.pagefactory.internal.LocatingElementHandler.invoke(LocatingElementHandler.java:38)
at jdk.proxy2/jdk.proxy2.$Proxy34.isDisplayed(Unknown Source)
at org.openqa.selenium.support.ui.ExpectedConditions.elementIfVisible(ExpectedConditions.java:304)
at org.openqa.selenium.support.ui.ExpectedConditions.access$000(ExpectedConditions.java:37)
at org.openqa.selenium.support.ui.ExpectedConditions$10.apply(ExpectedConditions.java:290)
at org.openqa.selenium.support.ui.ExpectedConditions$10.apply(ExpectedConditions.java:287)
at org.openqa.selenium.support.ui.ExpectedConditions$23.apply(ExpectedConditions.java:656)
at org.openqa.selenium.support.ui.ExpectedConditions$23.apply(ExpectedConditions.java:652)
at org.openqa.selenium.support.ui.FluentWait.until(FluentWait.java:205)
... 31 more
]]>
            </full-stacktrace>
          </exception> <!-- org.openqa.selenium.TimeoutException -->
          <reporter-output>
          </reporter-output>
        </test-method> <!-- test_ResumeMembership -->
        <test-method signature="test_Logout()[pri:10, instance:com.p360.testCases.TC_Membership@30d4b288]" started-at="2023-09-01T21:57:15 IST" name="test_Logout" finished-at="2023-09-01T21:57:25 IST" depends-on-methods="com.p360.testCases.TC_Membership.test_Login" duration-ms="9689" status="PASS">
          <reporter-output>
          </reporter-output>
        </test-method> <!-- test_Logout -->
        <test-method is-config="true" signature="teardown()[pri:0, instance:com.p360.testCases.TC_Membership@30d4b288]" started-at="2023-09-01T21:57:25 IST" name="teardown" finished-at="2023-09-01T21:57:25 IST" duration-ms="409" status="PASS">
          <reporter-output>
          </reporter-output>
        </test-method> <!-- teardown -->
      </class> <!-- com.p360.testCases.TC_Membership -->
    </test> <!-- P360_UI_USER_MODULE -->
  </suite> <!-- Suite -->
</testng-results>
