<?xml version="1.0" encoding="UTF-8"?>
<!-- Generated by org.testng.reporters.JUnitReportReporter -->
<testsuite hostname="DESKTOP-7AKMRUB" failures="1" tests="10" name="com.p360.testCases.TC_AllInOne_UserModule" time="449.395" errors="0" timestamp="2023-09-13T19:22:59 IST" skipped="0">
  <testcase classname="com.p360.testCases.TC_AllInOne_UserModule" name="test_Login" time="16.785"/>
  <testcase classname="com.p360.testCases.TC_AllInOne_UserModule" name="test_HomePageElement" time="47.837"/>
  <testcase classname="com.p360.testCases.TC_AllInOne_UserModule" name="test_ChangeCardDetails" time="45.088">
    <failure message="changeCardDetails expected [true] but found [false]" type="java.lang.AssertionError">
      <![CDATA[java.lang.AssertionError: changeCardDetails expected [true] but found [false]
at org.testng.Assert.fail(Assert.java:111)
at org.testng.Assert.failNotEquals(Assert.java:1578)
at org.testng.Assert.assertTrue(Assert.java:57)
at com.p360.pageObject.PO_HomePage.changeCardDetails(PO_HomePage.java:313)
at com.p360.testCases.TC_AllInOne_UserModule.test_ChangeCardDetails(TC_AllInOne_UserModule.java:68)
at java.base/jdk.internal.reflect.NativeMethodAccessorImpl.invoke0(Native Method)
at java.base/jdk.internal.reflect.NativeMethodAccessorImpl.invoke(NativeMethodAccessorImpl.java:77)
at java.base/jdk.internal.reflect.DelegatingMethodAccessorImpl.invoke(DelegatingMethodAccessorImpl.java:43)
at java.base/java.lang.reflect.Method.invoke(Method.java:568)
at org.testng.internal.invokers.MethodInvocationHelper.invokeMethod(MethodInvocationHelper.java:139)
at org.testng.internal.invokers.TestInvoker.invokeMethod(TestInvoker.java:664)
at org.testng.internal.invokers.TestInvoker.invokeTestMethod(TestInvoker.java:227)
at org.testng.internal.invokers.MethodRunner.runInSequence(MethodRunner.java:50)
at org.testng.internal.invokers.TestInvoker$MethodInvocationAgent.invoke(TestInvoker.java:957)
at org.testng.internal.invokers.TestInvoker.invokeTestMethods(TestInvoker.java:200)
at org.testng.internal.invokers.TestMethodWorker.invokeTestMethods(TestMethodWorker.java:148)
at org.testng.internal.invokers.TestMethodWorker.run(TestMethodWorker.java:128)
at java.base/java.util.ArrayList.forEach(ArrayList.java:1511)
at org.testng.TestRunner.privateRun(TestRunner.java:848)
at org.testng.TestRunner.run(TestRunner.java:621)
at org.testng.SuiteRunner.runTest(SuiteRunner.java:443)
at org.testng.SuiteRunner.runSequentially(SuiteRunner.java:437)
at org.testng.SuiteRunner.privateRun(SuiteRunner.java:397)
at org.testng.SuiteRunner.run(SuiteRunner.java:336)
at org.testng.SuiteRunnerWorker.runSuite(SuiteRunnerWorker.java:52)
at org.testng.SuiteRunnerWorker.run(SuiteRunnerWorker.java:95)
at org.testng.TestNG.runSuitesSequentially(TestNG.java:1280)
at org.testng.TestNG.runSuitesLocally(TestNG.java:1200)
at org.testng.TestNG.runSuites(TestNG.java:1114)
at org.testng.TestNG.run(TestNG.java:1082)
at org.testng.remote.AbstractRemoteTestNG.run(AbstractRemoteTestNG.java:115)
at org.testng.remote.RemoteTestNG.initAndRun(RemoteTestNG.java:251)
at org.testng.remote.RemoteTestNG.main(RemoteTestNG.java:77)
]]>
    </failure>
  </testcase> <!-- test_ChangeCardDetails -->
  <testcase classname="com.p360.testCases.TC_AllInOne_UserModule" name="test_RegisterClass" time="109.644"/>
  <testcase classname="com.p360.testCases.TC_AllInOne_UserModule" name="test_CancelRegisteredClass" time="101.991"/>
  <testcase classname="com.p360.testCases.TC_AllInOne_UserModule" name="test_ChangeMembership" time="33.743"/>
  <testcase classname="com.p360.testCases.TC_AllInOne_UserModule" name="test_CheckAgreedTerms" time="15.200"/>
  <testcase classname="com.p360.testCases.TC_AllInOne_UserModule" name="test_PauseMembership" time="40.771"/>
  <testcase classname="com.p360.testCases.TC_AllInOne_UserModule" name="test_ResumeMembership" time="24.325"/>
  <testcase classname="com.p360.testCases.TC_AllInOne_UserModule" name="test_Logout" time="14.011"/>
</testsuite> <!-- com.p360.testCases.TC_AllInOne_UserModule -->
